<?xml version="1.0" encoding="UTF-8"?>
<testng-results skipped="0" failed="0" ignored="0" total="1" passed="1">
  <reporter-output>
  </reporter-output>
  <suite name="Default suite" duration-ms="27952" started-at="2022-04-03T23:24:16Z" finished-at="2022-04-03T23:24:44Z">
    <groups>
    </groups>
    <test name="Default test" duration-ms="27952" started-at="2022-04-03T23:24:16Z" finished-at="2022-04-03T23:24:44Z">
      <class name="test.DashBoardPageTest">
        <test-method status="PASS" signature="validUserShouldBeAbleToCreateCustomer()[pri:0, instance:test.DashBoardPageTest@2ddc8ecb]" name="validUserShouldBeAbleToCreateCustomer" duration-ms="27924" started-at="2022-04-03T23:24:16Z" finished-at="2022-04-03T23:24:44Z">
          <reporter-output>
          </reporter-output>
        </test-method> <!-- validUserShouldBeAbleToCreateCustomer -->
      </class> <!-- test.DashBoardPageTest -->
    </test> <!-- Default test -->
  </suite> <!-- Default suite -->
</testng-results>
